Arguments: 
  C:\Program Files\nodejs\node.exe C:\Program Files (x86)\Yarn\bin\yarn.js init

PATH: 
  C:\Python27\;C:\Python27\Scripts;C:\Program Files (x86)\Common Files\Oracle\Java\javapath;C:\Windows\system32;C:\Windows;C:\Windows\System32\Wbem;C:\Windows\System32\WindowsPowerShell\v1.0\;C:\Windows\System32\OpenSSH\;C:\Program Files\Git\cmd;C:\WINDOWS\system32;C:\WINDOWS;C:\WINDOWS\System32\Wbem;C:\WINDOWS\System32\WindowsPowerShell\v1.0\;C:\WINDOWS\System32\OpenSSH\;C:\Program Files (x86)\Graphviz2.38\bin\;C:\laragon\bin\php\php-7.1.20-Win32-VC14-x64\;F:\Programmes\pear;C:\Program Files\NVIDIA Corporation\NVIDIA NvDLISR;C:\Program Files (x86)\NVIDIA Corporation\PhysX\Common;C:\ProgramData\ComposerSetup\bin;C:\Program Files\CMake\bin;C:\Program Files (x86)\Intel\Intel(R) Management Engine Components\DAL;C:\Program Files\Intel\Intel(R) Management Engine Components\DAL;C:\Program Files\nodejs\;C:\ProgramData\chocolatey\bin;C:\Program Files\dotnet\;C:\Program Files (x86)\Yarn\bin\;C:\Users\skarab\AppData\Local\Programs\Python\Python38-32\Scripts\;C:\Users\skarab\AppData\Local\Programs\Python\Python38-32\;C:\Users\skarab\.windows-build-tools\python27\;C:\Users\skarab\AppData\Local\Microsoft\WindowsApps;C:\Users\skarab\AppData\Local\atom\bin;C:\Users\skarab\AppData\Local\GitHubDesktop\bin;C:\Users\skarab\AppData\Local\Microsoft\WindowsApps;C:\Users\skarab\AppData\Roaming\Composer\vendor\bin;C:\Users\skarab\AppData\Roaming\npm;C:\Users\skarab\AppData\Local\Programs\Microsoft VS Code\bin;C:\Users\skarab\AppData\Local\Yarn\bin

Yarn version: 
  1.22.4

Node version: 
  12.16.1

Platform: 
  win32 x64

Trace: 
  Error: canceled
      at Interface.<anonymous> (C:\Program Files (x86)\Yarn\lib\cli.js:137008:13)
      at Interface.emit (events.js:311:20)
      at Interface._ttyWrite (readline.js:893:16)
      at ReadStream.onkeypress (readline.js:198:10)
      at ReadStream.emit (events.js:311:20)
      at emitKeys (internal/readline/utils.js:438:14)
      at emitKeys.next (<anonymous>)
      at ReadStream.onData (readline.js:1160:36)
      at ReadStream.emit (events.js:311:20)
      at addChunk (_stream_readable.js:294:12)

npm manifest: 
  {
    "name": "rollup-electron",
    "version": "1.0.0",
    "main": "app/main/index.js",
    "license": "MIT",
    "scripts": {
      "start": "electron ."
    },
    "devDependencies": {
      "electron": "^9.1.0"
    }
  }

yarn manifest: 
  No manifest

Lockfile: 
  No lockfile
